{"/Users/2069476/projects/shop/client/src/App.tsx": {"path":"/Users/2069476/projects/shop/client/src/App.tsx","statementMap":{"0":{"start":{"line":1,"column":0},"end":{"line":1,"column":32}},"1":{"start":{"line":2,"column":0},"end":{"line":2,"column":18}},"2":{"start":{"line":3,"column":0},"end":{"line":3,"column":47}},"3":{"start":{"line":4,"column":0},"end":{"line":4,"column":50}},"4":{"start":{"line":7,"column":28},"end":{"line":7,"column":39}},"5":{"start":{"line":8,"column":24},"end":{"line":8,"column":33}},"6":{"start":{"line":10,"column":20},"end":{"line":21,"column":3}},"7":{"start":{"line":11,"column":4},"end":{"line":20,"column":5}},"8":{"start":{"line":12,"column":23},"end":{"line":16,"column":8}},"9":{"start":{"line":17,"column":6},"end":{"line":17,"column":33}},"10":{"start":{"line":19,"column":6},"end":{"line":19,"column":51}},"11":{"start":{"line":23,"column":2},"end":{"line":40,"column":null}},"12":{"start":{"line":26,"column":31},"end":{"line":26,"column":92}},"13":{"start":{"line":32,"column":31},"end":{"line":32,"column":61}},"14":{"start":{"line":32,"column":51},"end":{"line":32,"column":60}},"15":{"start":{"line":43,"column":0},"end":{"line":43,"column":null}}},"fnMap":{"0":{"name":"App","decl":{"start":{"line":6,"column":9},"end":{"line":6,"column":12}},"loc":{"start":{"line":6,"column":12},"end":{"line":41,"column":1}}},"1":{"name":"(anonymous_1)","decl":{"start":{"line":10,"column":20},"end":{"line":10,"column":25}},"loc":{"start":{"line":10,"column":31},"end":{"line":21,"column":3}}},"2":{"name":"(anonymous_2)","decl":{"start":{"line":26,"column":25},"end":{"line":26,"column":28}},"loc":{"start":{"line":26,"column":31},"end":{"line":26,"column":92}}},"3":{"name":"(anonymous_3)","decl":{"start":{"line":32,"column":25},"end":{"line":32,"column":28}},"loc":{"start":{"line":32,"column":31},"end":{"line":32,"column":61}}},"4":{"name":"(anonymous_4)","decl":{"start":{"line":32,"column":40},"end":{"line":32,"column":41}},"loc":{"start":{"line":32,"column":51},"end":{"line":32,"column":60}}}},"branchMap":{},"s":{"0":1,"1":1,"2":1,"3":1,"4":2,"5":2,"6":2,"7":0,"8":0,"9":0,"10":0,"11":2,"12":0,"13":1,"14":1,"15":1},"f":{"0":2,"1":0,"2":0,"3":1,"4":1},"b":{}}
,"/Users/2069476/projects/shop/client/src/context/UserContext.tsx": {"path":"/Users/2069476/projects/shop/client/src/context/UserContext.tsx","statementMap":{"0":{"start":{"line":1,"column":0},"end":{"line":1,"column":67}},"1":{"start":{"line":4,"column":20},"end":{"line":8,"column":2}},"2":{"start":{"line":15,"column":57},"end":{"line":36,"column":1}},"3":{"start":{"line":16,"column":26},"end":{"line":16,"column":40}},"4":{"start":{"line":19,"column":20},"end":{"line":22,"column":3}},"5":{"start":{"line":20,"column":4},"end":{"line":20,"column":22}},"6":{"start":{"line":21,"column":4},"end":{"line":21,"column":54}},"7":{"start":{"line":24,"column":21},"end":{"line":27,"column":3}},"8":{"start":{"line":25,"column":4},"end":{"line":25,"column":18}},"9":{"start":{"line":26,"column":4},"end":{"line":26,"column":35}},"10":{"start":{"line":29,"column":16},"end":{"line":29,"column":78}},"11":{"start":{"line":29,"column":37},"end":{"line":29,"column":68}},"12":{"start":{"line":31,"column":2},"end":{"line":35,"column":4}},"13":{"start":{"line":15,"column":13},"end":{"line":15,"column":57}},"14":{"start":{"line":39,"column":23},"end":{"line":39,"column":52}},"15":{"start":{"line":39,"column":29},"end":{"line":39,"column":52}},"16":{"start":{"line":39,"column":13},"end":{"line":39,"column":23}}},"fnMap":{"0":{"name":"(anonymous_0)","decl":{"start":{"line":6,"column":13},"end":{"line":6,"column":16}},"loc":{"start":{"line":6,"column":18},"end":{"line":6,"column":21}}},"1":{"name":"(anonymous_1)","decl":{"start":{"line":7,"column":14},"end":{"line":7,"column":17}},"loc":{"start":{"line":7,"column":19},"end":{"line":7,"column":22}}},"2":{"name":"(anonymous_2)","decl":{"start":{"line":15,"column":57},"end":{"line":15,"column":58}},"loc":{"start":{"line":15,"column":80},"end":{"line":36,"column":1}}},"3":{"name":"(anonymous_3)","decl":{"start":{"line":19,"column":20},"end":{"line":19,"column":21}},"loc":{"start":{"line":19,"column":38},"end":{"line":22,"column":3}}},"4":{"name":"(anonymous_4)","decl":{"start":{"line":24,"column":21},"end":{"line":24,"column":24}},"loc":{"start":{"line":24,"column":26},"end":{"line":27,"column":3}}},"5":{"name":"(anonymous_5)","decl":{"start":{"line":29,"column":30},"end":{"line":29,"column":33}},"loc":{"start":{"line":29,"column":37},"end":{"line":29,"column":68}}},"6":{"name":"(anonymous_6)","decl":{"start":{"line":39,"column":23},"end":{"line":39,"column":26}},"loc":{"start":{"line":39,"column":29},"end":{"line":39,"column":52}}}},"branchMap":{},"s":{"0":1,"1":1,"2":1,"3":0,"4":0,"5":0,"6":0,"7":0,"8":0,"9":0,"10":0,"11":0,"12":0,"13":1,"14":1,"15":2,"16":1},"f":{"0":0,"1":0,"2":0,"3":0,"4":0,"5":0,"6":2},"b":{}}
,"/Users/2069476/projects/shop/client/src/utils/axiosInstance.ts": {"path":"/Users/2069476/projects/shop/client/src/utils/axiosInstance.ts","statementMap":{"0":{"start":{"line":1,"column":0},"end":{"line":1,"column":26}},"1":{"start":{"line":4,"column":22},"end":{"line":7,"column":2}},"2":{"start":{"line":9,"column":0},"end":{"line":18,"column":2}},"3":{"start":{"line":11,"column":4},"end":{"line":11,"column":33}},"4":{"start":{"line":13,"column":4},"end":{"line":13,"column":18}},"5":{"start":{"line":16,"column":4},"end":{"line":16,"column":44}},"6":{"start":{"line":21,"column":0},"end":{"line":34,"column":2}},"7":{"start":{"line":24,"column":4},"end":{"line":24,"column":20}},"8":{"start":{"line":27,"column":4},"end":{"line":30,"column":5}},"9":{"start":{"line":31,"column":4},"end":{"line":31,"column":23}},"10":{"start":{"line":32,"column":4},"end":{"line":32,"column":44}},"11":{"start":{"line":36,"column":0},"end":{"line":36,"column":29}}},"fnMap":{"0":{"name":"(anonymous_0)","decl":{"start":{"line":10,"column":2},"end":{"line":10,"column":3}},"loc":{"start":{"line":10,"column":13},"end":{"line":14,"column":3}}},"1":{"name":"(anonymous_1)","decl":{"start":{"line":15,"column":2},"end":{"line":15,"column":3}},"loc":{"start":{"line":15,"column":12},"end":{"line":17,"column":3}}},"2":{"name":"(anonymous_2)","decl":{"start":{"line":22,"column":2},"end":{"line":22,"column":3}},"loc":{"start":{"line":22,"column":15},"end":{"line":25,"column":3}}},"3":{"name":"(anonymous_3)","decl":{"start":{"line":26,"column":2},"end":{"line":26,"column":3}},"loc":{"start":{"line":26,"column":12},"end":{"line":33,"column":3}}}},"branchMap":{"0":{"loc":{"start":{"line":27,"column":4},"end":{"line":30,"column":5}},"type":"if","locations":[{"start":{"line":27,"column":4},"end":{"line":30,"column":5}}]},"1":{"loc":{"start":{"line":27,"column":8},"end":{"line":27,"column":55}},"type":"binary-expr","locations":[{"start":{"line":27,"column":8},"end":{"line":27,"column":22}},{"start":{"line":27,"column":26},"end":{"line":27,"column":55}}]}},"s":{"0":1,"1":1,"2":1,"3":0,"4":0,"5":0,"6":1,"7":0,"8":0,"9":0,"10":0,"11":1},"f":{"0":0,"1":0,"2":0,"3":0},"b":{"0":[0],"1":[0,0]}}
}
